11:54:14.486 [main] INFO  c.b.MediEase.MediEaseApplication - Starting MediEaseApplication using Java 17.0.6 with PID 24596 (F:\projects of companies\gaurdian technologies\code\medprescription-portal\backend\target\classes started by SATHMI in F:\projects of companies\gaurdian technologies\code\medprescription-portal)
11:54:14.491 [main] INFO  c.b.MediEase.MediEaseApplication - No active profile set, falling back to 1 default profile: "default"
11:54:15.476 [main] INFO  o.s.b.w.e.tomcat.TomcatWebServer - Tomcat initialized with port 9998 (http)
11:54:15.483 [main] INFO  o.a.coyote.http11.Http11NioProtocol - Initializing ProtocolHandler ["http-nio-9998"]
11:54:15.485 [main] INFO  o.a.catalina.core.StandardService - Starting service [Tomcat]
11:54:15.486 [main] INFO  o.a.catalina.core.StandardEngine - Starting Servlet engine: [Apache Tomcat/10.1.25]
11:54:15.529 [main] INFO  o.a.c.c.C.[Tomcat].[localhost].[/] - Initializing Spring embedded WebApplicationContext
11:54:15.529 [main] INFO  o.s.b.w.s.c.ServletWebServerApplicationContext - Root WebApplicationContext: initialization completed in 977 ms
11:54:15.876 [main] WARN  o.s.b.a.t.ThymeleafAutoConfiguration$DefaultTemplateResolverConfiguration - Cannot find template location: classpath:/templates/ (please add some templates, check your Thymeleaf configuration, or set spring.thymeleaf.check-template-location=false)
11:54:15.962 [main] WARN  o.s.b.a.s.s.UserDetailsServiceAutoConfiguration - 

Using generated security password: 887724a1-cb67-493d-93b5-93c0652a1a0c

This generated password is for development use only. Your security configuration must be updated before running your application in production.

11:54:15.980 [main] INFO  o.s.s.c.a.a.c.InitializeUserDetailsBeanManagerConfigurer$InitializeUserDetailsManagerConfigurer - Global AuthenticationManager configured with UserDetailsService bean with name inMemoryUserDetailsManager
11:54:16.116 [main] INFO  o.a.coyote.http11.Http11NioProtocol - Starting ProtocolHandler ["http-nio-9998"]
11:54:16.133 [main] INFO  o.s.b.w.e.tomcat.TomcatWebServer - Tomcat started on port 9998 (http) with context path '/'
11:54:16.144 [main] INFO  c.b.MediEase.MediEaseApplication - Started MediEaseApplication in 2.077 seconds (process running for 2.834)
11:55:04.174 [http-nio-9998-exec-1] INFO  o.a.c.c.C.[Tomcat].[localhost].[/] - Initializing Spring DispatcherServlet 'dispatcherServlet'
11:55:04.175 [http-nio-9998-exec-1] INFO  o.s.web.servlet.DispatcherServlet - Initializing Servlet 'dispatcherServlet'
11:55:04.176 [http-nio-9998-exec-1] INFO  o.s.web.servlet.DispatcherServlet - Completed initialization in 1 ms
11:56:29.457 [main] INFO  c.b.MediEase.MediEaseApplication - Starting MediEaseApplication using Java 17.0.6 with PID 26384 (F:\projects of companies\gaurdian technologies\code\medprescription-portal\backend\target\classes started by SATHMI in F:\projects of companies\gaurdian technologies\code\medprescription-portal)
11:56:29.460 [main] INFO  c.b.MediEase.MediEaseApplication - No active profile set, falling back to 1 default profile: "default"
11:56:30.539 [main] INFO  o.s.b.w.e.tomcat.TomcatWebServer - Tomcat initialized with port 8080 (http)
11:56:30.551 [main] INFO  o.a.coyote.http11.Http11NioProtocol - Initializing ProtocolHandler ["http-nio-8080"]
11:56:30.553 [main] INFO  o.a.catalina.core.StandardService - Starting service [Tomcat]
11:56:30.553 [main] INFO  o.a.catalina.core.StandardEngine - Starting Servlet engine: [Apache Tomcat/10.1.25]
11:56:30.624 [main] INFO  o.a.c.c.C.[Tomcat].[localhost].[/] - Initializing Spring embedded WebApplicationContext
11:56:30.624 [main] INFO  o.s.b.w.s.c.ServletWebServerApplicationContext - Root WebApplicationContext: initialization completed in 1108 ms
11:56:31.134 [main] WARN  o.s.b.a.t.ThymeleafAutoConfiguration$DefaultTemplateResolverConfiguration - Cannot find template location: classpath:/templates/ (please add some templates, check your Thymeleaf configuration, or set spring.thymeleaf.check-template-location=false)
11:56:31.268 [main] WARN  o.s.b.a.s.s.UserDetailsServiceAutoConfiguration - 

Using generated security password: b570e02d-08f1-467c-9f67-b6632757d968

This generated password is for development use only. Your security configuration must be updated before running your application in production.

11:56:31.302 [main] INFO  o.s.s.c.a.a.c.InitializeUserDetailsBeanManagerConfigurer$InitializeUserDetailsManagerConfigurer - Global AuthenticationManager configured with UserDetailsService bean with name inMemoryUserDetailsManager
11:56:31.507 [main] INFO  o.a.coyote.http11.Http11NioProtocol - Starting ProtocolHandler ["http-nio-8080"]
11:56:31.530 [main] INFO  o.s.b.w.e.tomcat.TomcatWebServer - Tomcat started on port 8080 (http) with context path '/'
11:56:31.545 [main] INFO  c.b.MediEase.MediEaseApplication - Started MediEaseApplication in 2.489 seconds (process running for 3.287)
11:56:40.506 [http-nio-8080-exec-3] INFO  o.a.c.c.C.[Tomcat].[localhost].[/] - Initializing Spring DispatcherServlet 'dispatcherServlet'
11:56:40.506 [http-nio-8080-exec-3] INFO  o.s.web.servlet.DispatcherServlet - Initializing Servlet 'dispatcherServlet'
11:56:40.507 [http-nio-8080-exec-3] INFO  o.s.web.servlet.DispatcherServlet - Completed initialization in 1 ms
12:13:28.851 [main] INFO  c.b.MediEase.MediEaseApplication - Starting MediEaseApplication using Java 17.0.6 with PID 21428 (F:\projects of companies\gaurdian technologies\code\medprescription-portal\backend\target\classes started by SATHMI in F:\projects of companies\gaurdian technologies\code\medprescription-portal)
12:13:28.857 [main] INFO  c.b.MediEase.MediEaseApplication - No active profile set, falling back to 1 default profile: "default"
12:13:30.525 [main] INFO  o.s.b.w.e.tomcat.TomcatWebServer - Tomcat initialized with port 8080 (http)
12:13:30.537 [main] INFO  o.a.coyote.http11.Http11NioProtocol - Initializing ProtocolHandler ["http-nio-8080"]
12:13:30.539 [main] INFO  o.a.catalina.core.StandardService - Starting service [Tomcat]
12:13:30.540 [main] INFO  o.a.catalina.core.StandardEngine - Starting Servlet engine: [Apache Tomcat/10.1.25]
12:13:30.605 [main] INFO  o.a.c.c.C.[Tomcat].[localhost].[/] - Initializing Spring embedded WebApplicationContext
12:13:30.605 [main] INFO  o.s.b.w.s.c.ServletWebServerApplicationContext - Root WebApplicationContext: initialization completed in 1661 ms
12:13:31.151 [main] WARN  o.s.b.a.t.ThymeleafAutoConfiguration$DefaultTemplateResolverConfiguration - Cannot find template location: classpath:/templates/ (please add some templates, check your Thymeleaf configuration, or set spring.thymeleaf.check-template-location=false)
12:13:31.276 [main] WARN  o.s.b.a.s.s.UserDetailsServiceAutoConfiguration - 

Using generated security password: 7e4b7c21-4424-445e-a8ee-cb231f20c1b1

This generated password is for development use only. Your security configuration must be updated before running your application in production.

12:13:31.301 [main] INFO  o.s.s.c.a.a.c.InitializeUserDetailsBeanManagerConfigurer$InitializeUserDetailsManagerConfigurer - Global AuthenticationManager configured with UserDetailsService bean with name inMemoryUserDetailsManager
12:13:31.494 [main] INFO  o.a.coyote.http11.Http11NioProtocol - Starting ProtocolHandler ["http-nio-8080"]
12:13:31.515 [main] INFO  o.s.b.w.e.tomcat.TomcatWebServer - Tomcat started on port 8080 (http) with context path '/'
12:13:31.527 [main] INFO  c.b.MediEase.MediEaseApplication - Started MediEaseApplication in 3.285 seconds (process running for 5.061)
12:13:48.878 [http-nio-8080-exec-2] INFO  o.a.c.c.C.[Tomcat].[localhost].[/] - Initializing Spring DispatcherServlet 'dispatcherServlet'
12:13:48.878 [http-nio-8080-exec-2] INFO  o.s.web.servlet.DispatcherServlet - Initializing Servlet 'dispatcherServlet'
12:13:48.879 [http-nio-8080-exec-2] INFO  o.s.web.servlet.DispatcherServlet - Completed initialization in 1 ms
12:15:07.512 [main] INFO  c.b.MediEase.MediEaseApplication - Starting MediEaseApplication using Java 17.0.6 with PID 24528 (F:\projects of companies\gaurdian technologies\code\medprescription-portal\backend\target\classes started by SATHMI in F:\projects of companies\gaurdian technologies\code\medprescription-portal)
12:15:07.518 [main] INFO  c.b.MediEase.MediEaseApplication - No active profile set, falling back to 1 default profile: "default"
12:15:09.330 [main] INFO  o.s.b.w.e.tomcat.TomcatWebServer - Tomcat initialized with port 8080 (http)
12:15:09.341 [main] INFO  o.a.coyote.http11.Http11NioProtocol - Initializing ProtocolHandler ["http-nio-8080"]
12:15:09.344 [main] INFO  o.a.catalina.core.StandardService - Starting service [Tomcat]
12:15:09.344 [main] INFO  o.a.catalina.core.StandardEngine - Starting Servlet engine: [Apache Tomcat/10.1.25]
12:15:09.412 [main] INFO  o.a.c.c.C.[Tomcat].[localhost].[/] - Initializing Spring embedded WebApplicationContext
12:15:09.414 [main] INFO  o.s.b.w.s.c.ServletWebServerApplicationContext - Root WebApplicationContext: initialization completed in 1782 ms
12:15:09.966 [main] WARN  o.s.b.a.t.ThymeleafAutoConfiguration$DefaultTemplateResolverConfiguration - Cannot find template location: classpath:/templates/ (please add some templates, check your Thymeleaf configuration, or set spring.thymeleaf.check-template-location=false)
12:15:10.089 [main] WARN  o.s.b.a.s.s.UserDetailsServiceAutoConfiguration - 

Using generated security password: 5a337839-41da-4258-8151-c595dea09b95

This generated password is for development use only. Your security configuration must be updated before running your application in production.

12:15:10.115 [main] INFO  o.s.s.c.a.a.c.InitializeUserDetailsBeanManagerConfigurer$InitializeUserDetailsManagerConfigurer - Global AuthenticationManager configured with UserDetailsService bean with name inMemoryUserDetailsManager
12:15:10.322 [main] INFO  o.a.coyote.http11.Http11NioProtocol - Starting ProtocolHandler ["http-nio-8080"]
12:15:10.344 [main] INFO  o.s.b.w.e.tomcat.TomcatWebServer - Tomcat started on port 8080 (http) with context path '/'
12:15:10.357 [main] INFO  c.b.MediEase.MediEaseApplication - Started MediEaseApplication in 3.484 seconds (process running for 4.826)
12:15:55.113 [http-nio-8080-exec-1] INFO  o.a.c.c.C.[Tomcat].[localhost].[/] - Initializing Spring DispatcherServlet 'dispatcherServlet'
12:15:55.113 [http-nio-8080-exec-1] INFO  o.s.web.servlet.DispatcherServlet - Initializing Servlet 'dispatcherServlet'
12:15:55.114 [http-nio-8080-exec-1] INFO  o.s.web.servlet.DispatcherServlet - Completed initialization in 1 ms
